<?xml version="1.0" encoding="UTF-8"?>
<testsuite name="user.tests.CreateUserTest" tests="1" skipped="0" failures="0" errors="0" timestamp="2023-02-07T06:00:48" hostname="TestVagrants-MacBook-Pro.local" time="0.514">
  <properties/>
  <testcase name="shouldCreateAnUser" classname="user.tests.CreateUserTest" time="0.514"/>
  <system-out><![CDATA[{
    "id": "63e1e9113425cf45d790dac7",
    "title": "mr",
    "firstName": "Sumit",
    "lastName": "Chavan",
    "email": "d2782ebc-4353-4488-90ba-027f34044987@gmail.com",
    "registerDate": "2023-02-07T06:00:49.667Z",
    "updatedDate": "2023-02-07T06:00:49.667Z"
}
]]></system-out>
  <system-err><![CDATA[]]></system-err>
</testsuite>
