<?xml version="1.0" encoding="UTF-8"?>
<testsuite name="post.tests.CreatePostTest" tests="1" skipped="0" failures="0" errors="0" timestamp="2023-02-08T10:29:03" hostname="TestVagrants-MacBook-Pro.local" time="0.823">
  <properties/>
  <testcase name="shouldCreateNewPost" classname="post.tests.CreatePostTest" time="0.823"/>
  <system-out><![CDATA[{
    "id": "63e3796f1b7900621640a460",
    "image": "https://img.dummyapi.io/photo-1564694202779-bc908c327862.jpg",
    "likes": 0,
    "link": "",
    "tags": [
        "animal",
        "dog",
        "golden retriever"
    ],
    "text": "adult Labrador retriever",
    "publishDate": "2023-02-08T10:29:03.756Z",
    "updatedDate": "2023-02-08T10:29:03.756Z",
    "owner": {
        "id": "63da5a502bea7749fb67bc7a",
        "title": "mr",
        "firstName": "Sumit",
        "lastName": "Chavan"
    }
}
]]></system-out>
  <system-err><![CDATA[]]></system-err>
</testsuite>
