<?xml version="1.0" encoding="UTF-8"?>
<testsuite name="endtoEndTest.IntegrationTests" tests="3" skipped="0" failures="0" errors="0" timestamp="2023-02-08T10:28:54" hostname="TestVagrants-MacBook-Pro.local" time="8.555">
  <properties/>
  <testcase name="shouldCreateAndGetPostDetails" classname="endtoEndTest.IntegrationTests" time="6.527"/>
  <testcase name="shouldCreateAndGetUserDetails" classname="endtoEndTest.IntegrationTests" time="1.2"/>
  <testcase name="shouldDeleteThePost" classname="endtoEndTest.IntegrationTests" time="0.676"/>
  <system-out><![CDATA[{
    "id": "63e3796c1b79001e5d40a441",
    "image": "https://img.dummyapi.io/photo-1564694202779-bc908c327862.jpg",
    "likes": 0,
    "link": "",
    "tags": [
        "animal",
        "dog",
        "golden retriever"
    ],
    "text": "adult Labrador retriever",
    "publishDate": "2023-02-08T10:29:00.055Z",
    "updatedDate": "2023-02-08T10:29:00.055Z",
    "owner": {
        "id": "63da5a502bea7749fb67bc7a",
        "title": "mr",
        "firstName": "Sumit",
        "lastName": "Chavan"
    }
}
{
    "id": "63e3796c1b79001e5d40a441",
    "image": "https://img.dummyapi.io/photo-1564694202779-bc908c327862.jpg",
    "likes": 0,
    "link": "",
    "tags": [
        "animal",
        "dog",
        "golden retriever"
    ],
    "text": "adult Labrador retriever",
    "publishDate": "2023-02-08T10:29:00.055Z",
    "updatedDate": "2023-02-08T10:29:00.055Z",
    "owner": {
        "id": "63da5a502bea7749fb67bc7a",
        "title": "mr",
        "firstName": "Sumit",
        "lastName": "Chavan"
    }
}
{
    "id": "63e3796d1b7900388e40a44b",
    "title": "mr",
    "firstName": "Sumit",
    "lastName": "Chavan",
    "email": "32503a54-f601-4771-94e5-66a04e51a270@gmail.com",
    "registerDate": "2023-02-08T10:29:01.624Z",
    "updatedDate": "2023-02-08T10:29:01.624Z"
}
{
    "data": [
        {
            "id": "60d0fe4f5311236168a109ca",
            "title": "ms",
            "firstName": "Sara",
            "lastName": "Andersen",
            "picture": "https://randomuser.me/api/portraits/women/58.jpg"
        },
        {
            "id": "60d0fe4f5311236168a109cb",
            "title": "miss",
            "firstName": "Edita",
            "lastName": "Vestering",
            "picture": "https://randomuser.me/api/portraits/med/women/89.jpg"
        },
        {
            "id": "60d0fe4f5311236168a109cc",
            "title": "ms",
            "firstName": "Adina",
            "lastName": "Barbosa",
            "picture": "https://randomuser.me/api/portraits/med/women/28.jpg"
        },
        {
            "id": "60d0fe4f5311236168a109cd",
            "title": "mr",
            "firstName": "Roberto",
            "lastName": "Vega",
            "picture": "https://randomuser.me/api/portraits/med/men/25.jpg"
        },
        {
            "id": "60d0fe4f5311236168a109ce",
            "title": "mr",
            "firstName": "Rudi",
            "lastName": "Droste",
            "picture": "https://randomuser.me/api/portraits/med/men/83.jpg"
        },
        {
            "id": "60d0fe4f5311236168a109cf",
            "title": "mrs",
            "firstName": "Carolina",
            "lastName": "Lima",
            "picture": "https://randomuser.me/api/portraits/med/women/5.jpg"
        },
        {
            "id": "60d0fe4f5311236168a109d0",
            "title": "mr",
            "firstName": "Emre",
            "lastName": "Asikoglu",
            "picture": "https://randomuser.me/api/portraits/med/men/23.jpg"
        },
        {
            "id": "60d0fe4f5311236168a109d1",
            "title": "mr",
            "firstName": "Kent",
            "lastName": "Brewer",
            "picture": "https://randomuser.me/api/portraits/med/men/52.jpg"
        },
        {
            "id": "60d0fe4f5311236168a109d2",
            "title": "mr",
            "firstName": "Evan",
            "lastName": "Carlson",
            "picture": "https://randomuser.me/api/portraits/med/men/80.jpg"
        },
        {
            "id": "60d0fe4f5311236168a109d3",
            "title": "mr",
            "firstName": "Friedrich-Karl",
            "lastName": "Brand",
            "picture": "https://randomuser.me/api/portraits/med/men/7.jpg"
        }
    ],
    "total": 204,
    "page": 0,
    "limit": 10
}
{
    "id": "63e3796c1b79001e5d40a441"
}
]]></system-out>
  <system-err><![CDATA[]]></system-err>
</testsuite>
