<?xml version="1.0" encoding="UTF-8"?>
<testsuite name="user.tests.GetUserTest" tests="1" skipped="0" failures="0" errors="0" timestamp="2023-02-07T06:00:49" hostname="TestVagrants-MacBook-Pro.local" time="0.381">
  <properties/>
  <testcase name="shouldGetListOfUsersOfGivenLimit" classname="user.tests.GetUserTest" time="0.381"/>
  <system-out><![CDATA[{
    "data": [
        {
            "id": "63bfec69b91006f0d66f0c0f",
            "title": "ms",
            "firstName": "Sara",
            "lastName": "Andersen",
            "picture": "https://randomuser.me/api/portraits/women/58.jpg"
        },
        {
            "id": "63c11242f4d3b2c45b659ed1",
            "title": "ms",
            "firstName": "Sara",
            "lastName": "Andersen"
        },
        {
            "id": "63c1127cf4d3b20603659f04",
            "title": "ms",
            "firstName": "Sara",
            "lastName": "Andersen"
        },
        {
            "id": "63c112c0f4d3b24558659f20",
            "title": "ms",
            "firstName": "Sara",
            "lastName": "Andersen"
        },
        {
            "id": "63c1130cf4d3b2573e659f28",
            "title": "ms",
            "firstName": "Sara",
            "lastName": "Andersen"
        },
        {
            "id": "63c113216952cb0e4999dc9a",
            "title": "ms",
            "firstName": "Sara",
            "lastName": "Andersen"
        },
        {
            "id": "63c11349f4d3b2b838659f44",
            "title": "ms",
            "firstName": "Sara",
            "lastName": "Andersen"
        },
        {
            "id": "63c1280c6952cbf17499ede6",
            "title": "ms",
            "firstName": "Sara",
            "lastName": "Andersen"
        },
        {
            "id": "63c136606952cb49f799f39d",
            "title": "ms",
            "firstName": "Sara",
            "lastName": "Andersen"
        },
        {
            "id": "63c4e94b4f923760c8cb8b3e",
            "title": "ms",
            "firstName": "Sara",
            "lastName": "Andersen"
        }
    ],
    "total": 78,
    "page": 0,
    "limit": 10
}
]]></system-out>
  <system-err><![CDATA[]]></system-err>
</testsuite>
