<?xml version="1.0" encoding="UTF-8"?>
<testsuite name="user.tests.CreateUserErrorTest" tests="1" skipped="0" failures="0" errors="0" timestamp="2023-02-07T05:53:01" hostname="TestVagrants-MacBook-Pro.local" time="0.738">
  <properties/>
  <testcase name="shouldNotAllowUserWithInvalidEmail" classname="user.tests.CreateUserErrorTest" time="0.738"/>
  <system-out><![CDATA[{
    "id": "63e1e73e3425cf22fd90da53",
    "title": "mr",
    "firstName": "Sumit",
    "lastName": "Chavan",
    "email": "8901147f-9a0c-4f12-a348-06dc517c9529@gmail.com",
    "registerDate": "2023-02-07T05:53:02.385Z",
    "updatedDate": "2023-02-07T05:53:02.385Z"
}
{
    "error": "BODY_NOT_VALID",
    "data": {
        "email": "Email already used"
    }
}
]]></system-out>
  <system-err><![CDATA[]]></system-err>
</testsuite>
