<?xml version="1.0" encoding="UTF-8"?>
<testsuite name="post.tests.GetPostTest" tests="1" skipped="0" failures="0" errors="0" timestamp="2023-02-08T10:29:05" hostname="TestVagrants-MacBook-Pro.local" time="1.33">
  <properties/>
  <testcase name="shouldGetPostDetailsById" classname="post.tests.GetPostTest" time="1.33"/>
  <system-out><![CDATA[{
    "id": "63e379711b790012b740a470",
    "image": "https://img.dummyapi.io/photo-1564694202779-bc908c327862.jpg",
    "likes": 0,
    "link": "",
    "tags": [
        "animal",
        "dog",
        "golden retriever"
    ],
    "text": "adult Labrador retriever",
    "publishDate": "2023-02-08T10:29:05.564Z",
    "updatedDate": "2023-02-08T10:29:05.564Z",
    "owner": {
        "id": "63da5a502bea7749fb67bc7a",
        "title": "mr",
        "firstName": "Sumit",
        "lastName": "Chavan"
    }
}
{
    "id": "63e379711b790012b740a470",
    "image": "https://img.dummyapi.io/photo-1564694202779-bc908c327862.jpg",
    "likes": 0,
    "link": "",
    "tags": [
        "animal",
        "dog",
        "golden retriever"
    ],
    "text": "adult Labrador retriever",
    "publishDate": "2023-02-08T10:29:05.564Z",
    "updatedDate": "2023-02-08T10:29:05.564Z",
    "owner": {
        "id": "63da5a502bea7749fb67bc7a",
        "title": "mr",
        "firstName": "Sumit",
        "lastName": "Chavan"
    }
}
]]></system-out>
  <system-err><![CDATA[]]></system-err>
</testsuite>
