<?xml version="1.0" encoding="UTF-8"?>
<testsuite name="user.tests.CreateUserErrorTest" tests="1" skipped="0" failures="0" errors="0" timestamp="2023-02-07T06:00:47" hostname="TestVagrants-MacBook-Pro.local" time="0.788">
  <properties/>
  <testcase name="shouldNotAllowUserWithInvalidEmail" classname="user.tests.CreateUserErrorTest" time="0.788"/>
  <system-out><![CDATA[{
    "id": "63e1e9103425cfa5b590dac1",
    "title": "mr",
    "firstName": "Sumit",
    "lastName": "Chavan",
    "email": "a8a56586-e0ff-4666-acb4-f78c9bf805cf@gmail.com",
    "registerDate": "2023-02-07T06:00:48.862Z",
    "updatedDate": "2023-02-07T06:00:48.862Z"
}
{
    "error": "BODY_NOT_VALID",
    "data": {
        "email": "Email already used"
    }
}
]]></system-out>
  <system-err><![CDATA[]]></system-err>
</testsuite>
